1528593456183	geckodriver	INFO	geckodriver 0.20.1
1528593456187	geckodriver	INFO	Listening on 127.0.0.1:52773
1528593457192	mozrunner::runner	INFO	Running command: "/usr/bin/firefox" "-marionette" "-profile" "/tmp/rust_mozprofile.B2MaQyr7bqc5"
1528593457656	addons.webextension.<unknown>	WARN	Loading extension 'null': Reading manifest: Error processing languages: An unexpected property was found in the WebExtension manifest.
1528593457657	addons.webextension.<unknown>	WARN	Loading extension 'null': Reading manifest: Error processing langpack_id: An unexpected property was found in the WebExtension manifest.
1528593457657	addons.webextension.<unknown>	WARN	Loading extension 'null': Reading manifest: Error processing sources: An unexpected property was found in the WebExtension manifest.
1528593457667	addons.xpi	WARN	Add-on langpack-en-GB@firefox.mozilla.org is not correctly signed.
1528593457668	addons.xpi	WARN	Add-on langpack-en-GB@firefox.mozilla.org is not correctly signed.
1528593457675	addons.webextension.<unknown>	WARN	Loading extension 'null': Reading manifest: Error processing languages: An unexpected property was found in the WebExtension manifest.
1528593457676	addons.webextension.<unknown>	WARN	Loading extension 'null': Reading manifest: Error processing langpack_id: An unexpected property was found in the WebExtension manifest.
1528593457676	addons.webextension.<unknown>	WARN	Loading extension 'null': Reading manifest: Error processing sources: An unexpected property was found in the WebExtension manifest.
1528593457685	addons.xpi	WARN	Add-on langpack-en-ZA@firefox.mozilla.org is not correctly signed.
1528593457685	addons.xpi	WARN	Add-on langpack-en-ZA@firefox.mozilla.org is not correctly signed.
1528593459912	addons.xpi	WARN	Add-on langpack-en-GB@firefox.mozilla.org is not compatible with application version.
1528593459913	addons.xpi	WARN	Add-on langpack-en-ZA@firefox.mozilla.org is not compatible with application version.
1528593459918	addons.xpi	WARN	Add-on langpack-en-GB@firefox.mozilla.org is not correctly signed.
1528593459918	addons.xpi	WARN	Add-on langpack-en-ZA@firefox.mozilla.org is not correctly signed.
1528593463631	Marionette	INFO	Listening on port 32989
1528593463831	Marionette	WARN	TLS certificate errors will be ignored for this session
JavaScript error: https://vtopbeta.vit.ac.in/vtop/assets/jquery-ui/jquery-ui.js, line 16782: TypeError: jQuery.fx is undefined
1528593505404	Marionette	INFO	New connections will no longer be accepted
JavaScript error: resource://gre/components/nsUrlClassifierListManager.js, line 287: NS_ERROR_NOT_INITIALIZED: Component returned failure code: 0xc1f30001 (NS_ERROR_NOT_INITIALIZED) [nsIUrlClassifierDBService.getTables]
JavaScript error: resource://gre/components/nsUrlClassifierListManager.js, line 287: NS_ERROR_NOT_INITIALIZED: Component returned failure code: 0xc1f30001 (NS_ERROR_NOT_INITIALIZED) [nsIUrlClassifierDBService.getTables]
1528593505899	Marionette	INFO	Ceased listening
